<?xml version="1.0" encoding="UTF-8"?>
<testsuite name="API test1"
           tests="3"
           failures="1"
           errors="0"
           skipped="0"
           time="8.342">
  <properties />
            <testcase name="testUpdateUser" time="2.934" classname="api.test.PostUserTest">
                <failure type="java.lang.AssertionError"
                  message="expected [lora.lindgren@example.com] but found [brad.hagenes@yahoo.com]"
              >
<![CDATA[java.lang.AssertionError: expected [lora.lindgren@example.com] but found [brad.hagenes@yahoo.com]
  org.testng.Assert.fail(Assert.java:99)
  org.testng.Assert.failNotEquals(Assert.java:1037)
  org.testng.Assert.assertEqualsImpl(Assert.java:140)
  org.testng.Assert.assertEquals(Assert.java:122)
  org.testng.Assert.assertEquals(Assert.java:617)
  api.test.PostUserTest.testUpdateUser(PostUserTest.java:75)
  sun.reflect.NativeMethodAccessorImpl.invoke0(Native Method)
  sun.reflect.NativeMethodAccessorImpl.invoke(NativeMethodAccessorImpl.java:62)
  sun.reflect.DelegatingMethodAccessorImpl.invoke(DelegatingMethodAccessorImpl.java:43)
  java.lang.reflect.Method.invoke(Method.java:498)
  org.testng.internal.MethodInvocationHelper.invokeMethod(MethodInvocationHelper.java:133)
  org.testng.internal.TestInvoker.invokeMethod(TestInvoker.java:598)
  org.testng.internal.TestInvoker.invokeTestMethod(TestInvoker.java:173)
  org.testng.internal.MethodRunner.runInSequence(MethodRunner.java:46)
  org.testng.internal.TestInvoker$MethodInvocationAgent.invoke(TestInvoker.java:824)
  org.testng.internal.TestInvoker.invokeTestMethods(TestInvoker.java:146)
  org.testng.internal.TestMethodWorker.invokeTestMethods(TestMethodWorker.java:146)
  org.testng.internal.TestMethodWorker.run(TestMethodWorker.java:128)
  java.util.concurrent.ThreadPoolExecutor.runWorker(ThreadPoolExecutor.java:1149)
  java.util.concurrent.ThreadPoolExecutor$Worker.run(ThreadPoolExecutor.java:624)
  java.lang.Thread.run(Thread.java:750)
]]>
      </failure>

          </testcase>
  
  
            <testcase name="testPostUser" time="3.695" classname="api.test.PostUserTest" />
                <testcase name="testGetUser" time="1.713" classname="api.test.PostUserTest" />
      
</testsuite>
